Remember that you can report errors and get help in https://github.com/NicoSantangelo/sublime-gulp

06-14-2016 11:17:
(node:5104) fs: re-evaluating native module sources is not supported. If you are using the graceful-fs module, please update it to a more recent version.
C:\Users\server\AppData\Roaming\Sublime Text 3\Packages\Gulp\write_tasks_to_cache.js:31
        throw ex;
        ^

Error: Cannot find module 'gulp-minify-css'
    at Function.Module._resolveFilename (module.js:440:15)
    at Function.Module._load (module.js:388:25)
    at Module.require (module.js:468:17)
    at require (internal/module.js:20:19)
    at Object.<anonymous> (D:\Work\WebIT\shablon_gulp_sass\.sublime-gulp-tmp.js:4:18)
    at Module._compile (module.js:541:32)
    at Object.Module._extensions..js (module.js:550:10)
    at Module.load (module.js:458:32)
    at tryModuleLoad (module.js:417:12)
    at Function.Module._load (module.js:409:3)


06-14-2016 11:17:
(node:3588) fs: re-evaluating native module sources is not supported. If you are using the graceful-fs module, please update it to a more recent version.
C:\Users\server\AppData\Roaming\Sublime Text 3\Packages\Gulp\write_tasks_to_cache.js:31
        throw ex;
        ^

Error: Cannot find module 'gulp-minify-css'
    at Function.Module._resolveFilename (module.js:440:15)
    at Function.Module._load (module.js:388:25)
    at Module.require (module.js:468:17)
    at require (internal/module.js:20:19)
    at Object.<anonymous> (D:\Work\WebIT\shablon_gulp_sass\.sublime-gulp-tmp.js:4:18)
    at Module._compile (module.js:541:32)
    at Object.Module._extensions..js (module.js:550:10)
    at Module.load (module.js:458:32)
    at tryModuleLoad (module.js:417:12)
    at Function.Module._load (module.js:409:3)
